#
# A fatal error has been detected by the Java Runtime Environment:
#
#  EXCEPTION_ACCESS_VIOLATION (0xc0000005) at pc=0x00000000544fc1bb, pid=12456, tid=17816
#
# JRE version: Java(TM) SE Runtime Environment (8.0_51-b16) (build 1.8.0_51-b16)
# Java VM: Java HotSpot(TM) 64-Bit Server VM (25.51-b03 mixed mode windows-amd64 compressed oops)
# Problematic frame:
# C  [awt.dll+0x6c1bb]
#
# Failed to write core dump. Minidumps are not enabled by default on client versions of Windows
#
# If you would like to submit a bug report, please visit:
#   http://bugreport.java.com/bugreport/crash.jsp
# The crash happened outside the Java Virtual Machine in native code.
# See problematic frame for where to report the bug.
#

---------------  T H R E A D  ---------------

Current thread (0x000000001fc7e800):  JavaThread "Java2D Disposer" daemon [_thread_in_native, id=17816, stack(0x0000000022a80000,0x0000000022b80000)]

siginfo: ExceptionCode=0xc0000005, reading address 0x000000401ee973a8

Registers:
RAX=0x00000000544b7ce0, RBX=0x0000000021f893b8, RCX=0x000000001fc7e9f8, RDX=0x000000401ee97380
RSP=0x0000000022b7eeb0, RBP=0x0000000022b7ef90, RSI=0x0000000000000118, RDI=0x0000000000000a2d
R8 =0x00000000544fc1ac, R9 =0x000000401ee97380, R10=0x00000000027d5e08, R11=0x0000000054907bb0
R12=0x0000000000000000, R13=0x0000000021f893b8, R14=0x0000000022b7efc8, R15=0x000000001fc7e800
RIP=0x00000000544fc1bb, EFLAGS=0x0000000000010202

Top of Stack: (sp=0x0000000022b7eeb0)
0x0000000022b7eeb0:   0000000021f893b8 000000001fc7e800
0x0000000022b7eec0:   0000000021f893b8 000000001fc7e800
0x0000000022b7eed0:   0000000000000a2d 00000000544b7cf4
0x0000000022b7eee0:   0000000021f893b8 000000001fc7e800
0x0000000022b7eef0:   0000000021f893b8 0000000000000118
0x0000000022b7ef00:   0000000000000118 00000000027d5e34
0x0000000022b7ef10:   0000000000000a2d 00000000027d5b9d
0x0000000022b7ef20:   000000001fc7e800 0000000021f893b8
0x0000000022b7ef30:   0000000000000118 000000001fc7e800
0x0000000022b7ef40:   0000000022b7f020 00000000027d5b62
0x0000000022b7ef50:   0000000022b7ef50 0000000021f893b8
0x0000000022b7ef60:   0000000022b7efc8 0000000021f89420
0x0000000022b7ef70:   0000000000000000 0000000021f893b8
0x0000000022b7ef80:   0000000000000000 0000000022b7efb0
0x0000000022b7ef90:   0000000022b7f010 00000000027c7ced
0x0000000022b7efa0:   00000006c26975c8 00000000027cf978 

Instructions: (pc=0x00000000544fc1bb)
0x00000000544fc19b:   8b 4a 0c 41 2b c9 3b c1 0f 4f c1 41 89 43 0c c3
0x00000000544fc1ab:   cc 48 85 d2 74 3e 48 89 5c 24 08 57 48 83 ec 20
0x00000000544fc1bb:   48 8b 42 28 48 8b da 48 8b f9 48 85 c0 74 02 ff
0x00000000544fc1cb:   d0 48 8b 07 48 8b 53 30 48 8b cf ff 90 18 07 00 


Register to memory mapping:

RAX=0x00000000544b7ce0 is an unknown value
RBX={method} {0x0000000021f893c0} 'invokeNativeDispose' '(JJ)V' in 'sun/java2d/DefaultDisposerRecord'
RCX=0x000000001fc7e9f8 is an unknown value
RDX=0x000000401ee97380 is an unknown value
RSP=0x0000000022b7eeb0 is pointing into the stack for thread: 0x000000001fc7e800
RBP=0x0000000022b7ef90 is pointing into the stack for thread: 0x000000001fc7e800
RSI=0x0000000000000118 is an unknown value
RDI=0x0000000000000a2d is an unknown value
R8 =0x00000000544fc1ac is an unknown value
R9 =0x000000401ee97380 is an unknown value
R10=0x00000000027d5e08 is at code_begin+840 in an Interpreter codelet
method entry point (kind = native)  [0x00000000027d5ac0, 0x00000000027d6420]  2400 bytes
R11=0x0000000054907bb0 is an unknown value
R12=0x0000000000000000 is an unknown value
R13={method} {0x0000000021f893c0} 'invokeNativeDispose' '(JJ)V' in 'sun/java2d/DefaultDisposerRecord'
R14=0x0000000022b7efc8 is pointing into the stack for thread: 0x000000001fc7e800
R15=0x000000001fc7e800 is a thread


Stack: [0x0000000022a80000,0x0000000022b80000],  sp=0x0000000022b7eeb0,  free space=1019k
Native frames: (J=compiled Java code, j=interpreted, Vv=VM code, C=native code)
C  [awt.dll+0x6c1bb]
C  [awt.dll+0x27cf4]
C  0x00000000027d5e34

Java frames: (J=compiled Java code, j=interpreted, Vv=VM code)
j  sun.java2d.DefaultDisposerRecord.invokeNativeDispose(JJ)V+0
j  sun.java2d.DefaultDisposerRecord.dispose()V+8
j  sun.java2d.Disposer.run()V+26
j  java.lang.Thread.run()V+11
v  ~StubRoutines::call_stub

---------------  P R O C E S S  ---------------

Java Threads: ( => current thread )
  0x00000000026c3800 JavaThread "DestroyJavaVM" [_thread_blocked, id=11756, stack(0x00000000023b0000,0x00000000024b0000)]
  0x000000001fcad800 JavaThread "Thread-4" [_thread_in_Java, id=11276, stack(0x000000002b000000,0x000000002b100000)]
  0x000000001ead0000 JavaThread "AWT-EventQueue-0" [_thread_in_Java, id=6288, stack(0x0000000028680000,0x0000000028780000)]
  0x000000001f13e000 JavaThread "Java2D Queue Flusher" daemon [_thread_blocked, id=19304, stack(0x0000000022d80000,0x0000000022e80000)]
  0x000000001eea9000 JavaThread "AWT-Windows" daemon [_thread_in_native, id=4204, stack(0x0000000022c80000,0x0000000022d80000)]
  0x000000001e6e3000 JavaThread "AWT-Shutdown" [_thread_blocked, id=15008, stack(0x0000000022b80000,0x0000000022c80000)]
=>0x000000001fc7e800 JavaThread "Java2D Disposer" daemon [_thread_in_native, id=17816, stack(0x0000000022a80000,0x0000000022b80000)]
  0x000000001e519800 JavaThread "Java Sound Event Dispatcher" daemon [_thread_blocked, id=4480, stack(0x0000000022580000,0x0000000022680000)]
  0x000000001fce0800 JavaThread "Thread-0" [_thread_blocked, id=1092, stack(0x0000000022280000,0x0000000022380000)]
  0x000000001d453000 JavaThread "Service Thread" daemon [_thread_blocked, id=8540, stack(0x000000001db30000,0x000000001dc30000)]
  0x000000001be3e000 JavaThread "C1 CompilerThread2" daemon [_thread_blocked, id=16592, stack(0x000000001da30000,0x000000001db30000)]
  0x000000001be3c800 JavaThread "C2 CompilerThread1" daemon [_thread_blocked, id=13288, stack(0x000000001d930000,0x000000001da30000)]
  0x000000001be3c000 JavaThread "C2 CompilerThread0" daemon [_thread_blocked, id=6704, stack(0x000000001d830000,0x000000001d930000)]
  0x000000001d3b8000 JavaThread "Monitor Ctrl-Break" daemon [_thread_in_native, id=5048, stack(0x000000001d730000,0x000000001d830000)]
  0x000000001bddf000 JavaThread "Attach Listener" daemon [_thread_blocked, id=8760, stack(0x000000001d230000,0x000000001d330000)]
  0x000000001bddd800 JavaThread "Signal Dispatcher" daemon [_thread_blocked, id=456, stack(0x000000001d130000,0x000000001d230000)]
  0x00000000027b8000 JavaThread "Finalizer" daemon [_thread_blocked, id=17172, stack(0x000000001d030000,0x000000001d130000)]
  0x00000000027af000 JavaThread "Reference Handler" daemon [_thread_blocked, id=2928, stack(0x000000001cf30000,0x000000001d030000)]

Other Threads:
  0x000000001bda7800 VMThread [stack: 0x000000001ce30000,0x000000001cf30000] [id=15076]
  0x000000001d45d800 WatcherThread [stack: 0x000000001dc30000,0x000000001dd30000] [id=3844]

VM state:not at safepoint (normal execution)

VM Mutex/Monitor currently owned by a thread: None

Heap:
 PSYoungGen      total 272896K, used 34095K [0x000000076b100000, 0x000000077c600000, 0x00000007c0000000)
  eden space 262144K, 9% used [0x000000076b100000,0x000000076c853498,0x000000077b100000)
  from space 10752K, 94% used [0x000000077bb80000,0x000000077c5788a0,0x000000077c600000)
  to   space 10752K, 0% used [0x000000077b100000,0x000000077b100000,0x000000077bb80000)
 ParOldGen       total 175104K, used 22833K [0x00000006c1200000, 0x00000006cbd00000, 0x000000076b100000)
  object space 175104K, 13% used [0x00000006c1200000,0x00000006c284c768,0x00000006cbd00000)
 Metaspace       used 13037K, capacity 13224K, committed 13312K, reserved 1060864K
  class space    used 1470K, capacity 1529K, committed 1536K, reserved 1048576K

Card table byte_map: [0x0000000011b80000,0x0000000012380000] byte_map_base: 0x000000000e577000

Marking Bits: (ParMarkBitMap*) 0x0000000054ee4040
 Begin Bits: [0x0000000012cd0000, 0x0000000016c88000)
 End Bits:   [0x0000000016c88000, 0x000000001ac40000)

Polling page: 0x0000000000760000

CodeCache: size=245760Kb used=8846Kb max_used=8858Kb free=236913Kb
 bounds [0x00000000027c0000, 0x0000000003070000, 0x00000000117c0000]
 total_blobs=2869 nmethods=2336 adapters=445
 compilation: enabled

Compilation events (10 events):
Event: 4.523 Thread 0x000000001be3e000 nmethod 2340 0x0000000003052f90 code [0x0000000003053140, 0x0000000003053468]
Event: 4.525 Thread 0x000000001be3e000 2343       3       java.awt.geom.AffineTransform::rotate (149 bytes)
Event: 4.526 Thread 0x000000001be3e000 nmethod 2343 0x0000000003059490 code [0x00000000030596a0, 0x000000000305a1f8]
Event: 4.526 Thread 0x000000001be3e000 2344       3       sun.java2d.opengl.OGLTextureToSurfaceTransform::Transform (48 bytes)
Event: 4.526 Thread 0x000000001be3e000 nmethod 2344 0x000000000304f710 code [0x000000000304f880, 0x000000000304fac8]
Event: 4.532 Thread 0x000000001be3c000 nmethod 2342% 0x0000000003056410 code [0x0000000003056620, 0x0000000003057550]
Event: 4.536 Thread 0x000000001be3c800 2345   !   4       sun.java2d.pipe.AAShapePipe::renderTiles (349 bytes)
Event: 4.544 Thread 0x000000001be3c800 nmethod 2345 0x000000000306a950 code [0x000000000306ab60, 0x000000000306ba60]
Event: 4.554 Thread 0x000000001be3e000 2346       1       java.awt.MultipleGradientPaint::getTransparency (5 bytes)
Event: 4.554 Thread 0x000000001be3e000 nmethod 2346 0x0000000003046a50 code [0x0000000003046ba0, 0x0000000003046cb0]

GC Heap History (8 events):
Event: 0.856 GC heap before
{Heap before GC invocations=1 (full 0):
 PSYoungGen      total 76288K, used 60913K [0x000000076b100000, 0x0000000770600000, 0x00000007c0000000)
  eden space 65536K, 92% used [0x000000076b100000,0x000000076ec7c658,0x000000076f100000)
  from space 10752K, 0% used [0x000000076fb80000,0x000000076fb80000,0x0000000770600000)
  to   space 10752K, 0% used [0x000000076f100000,0x000000076f100000,0x000000076fb80000)
 ParOldGen       total 175104K, used 0K [0x00000006c1200000, 0x00000006cbd00000, 0x000000076b100000)
  object space 175104K, 0% used [0x00000006c1200000,0x00000006c1200000,0x00000006cbd00000)
 Metaspace       used 5497K, capacity 5644K, committed 5760K, reserved 1056768K
  class space    used 580K, capacity 620K, committed 640K, reserved 1048576K
Event: 0.869 GC heap after
Heap after GC invocations=1 (full 0):
 PSYoungGen      total 76288K, used 10732K [0x000000076b100000, 0x0000000774600000, 0x00000007c0000000)
  eden space 65536K, 0% used [0x000000076b100000,0x000000076b100000,0x000000076f100000)
  from space 10752K, 99% used [0x000000076f100000,0x000000076fb7b390,0x000000076fb80000)
  to   space 10752K, 0% used [0x0000000773b80000,0x0000000773b80000,0x0000000774600000)
 ParOldGen       total 175104K, used 5118K [0x00000006c1200000, 0x00000006cbd00000, 0x000000076b100000)
  object space 175104K, 2% used [0x00000006c1200000,0x00000006c16ffb40,0x00000006cbd00000)
 Metaspace       used 5497K, capacity 5644K, committed 5760K, reserved 1056768K
  class space    used 580K, capacity 620K, committed 640K, reserved 1048576K
}
Event: 1.423 GC heap before
{Heap before GC invocations=2 (full 0):
 PSYoungGen      total 76288K, used 76268K [0x000000076b100000, 0x0000000774600000, 0x00000007c0000000)
  eden space 65536K, 100% used [0x000000076b100000,0x000000076f100000,0x000000076f100000)
  from space 10752K, 99% used [0x000000076f100000,0x000000076fb7b390,0x000000076fb80000)
  to   space 10752K, 0% used [0x0000000773b80000,0x0000000773b80000,0x0000000774600000)
 ParOldGen       total 175104K, used 5118K [0x00000006c1200000, 0x00000006cbd00000, 0x000000076b100000)
  object space 175104K, 2% used [0x00000006c1200000,0x00000006c16ffb40,0x00000006cbd00000)
 Metaspace       used 5865K, capacity 6026K, committed 6144K, reserved 1056768K
  class space    used 617K, capacity 657K, committed 768K, reserved 1048576K
Event: 1.481 GC heap after
Heap after GC invocations=2 (full 0):
 PSYoungGen      total 141824K, used 10725K [0x000000076b100000, 0x0000000774600000, 0x00000007c0000000)
  eden space 131072K, 0% used [0x000000076b100000,0x000000076b100000,0x0000000773100000)
  from space 10752K, 99% used [0x0000000773b80000,0x00000007745f9670,0x0000000774600000)
  to   space 10752K, 0% used [0x0000000773100000,0x0000000773100000,0x0000000773b80000)
 ParOldGen       total 175104K, used 16064K [0x00000006c1200000, 0x00000006cbd00000, 0x000000076b100000)
  object space 175104K, 9% used [0x00000006c1200000,0x00000006c21b02c0,0x00000006cbd00000)
 Metaspace       used 5865K, capacity 6026K, committed 6144K, reserved 1056768K
  class space    used 617K, capacity 657K, committed 768K, reserved 1048576K
}
Event: 4.377 GC heap before
{Heap before GC invocations=3 (full 0):
 PSYoungGen      total 141824K, used 141797K [0x000000076b100000, 0x0000000774600000, 0x00000007c0000000)
  eden space 131072K, 100% used [0x000000076b100000,0x0000000773100000,0x0000000773100000)
  from space 10752K, 99% used [0x0000000773b80000,0x00000007745f9670,0x0000000774600000)
  to   space 10752K, 0% used [0x0000000773100000,0x0000000773100000,0x0000000773b80000)
 ParOldGen       total 175104K, used 16064K [0x00000006c1200000, 0x00000006cbd00000, 0x000000076b100000)
  object space 175104K, 9% used [0x00000006c1200000,0x00000006c21b02c0,0x00000006cbd00000)
 Metaspace       used 13006K, capacity 13224K, committed 13312K, reserved 1060864K
  class space    used 1470K, capacity 1529K, committed 1536K, reserved 1048576K
Event: 4.385 GC heap after
Heap after GC invocations=3 (full 0):
 PSYoungGen      total 141824K, used 10737K [0x000000076b100000, 0x000000077c600000, 0x00000007c0000000)
  eden space 131072K, 0% used [0x000000076b100000,0x000000076b100000,0x0000000773100000)
  from space 10752K, 99% used [0x0000000773100000,0x0000000773b7c4a0,0x0000000773b80000)
  to   space 10752K, 0% used [0x000000077bb80000,0x000000077bb80000,0x000000077c600000)
 ParOldGen       total 175104K, used 22186K [0x00000006c1200000, 0x00000006cbd00000, 0x000000076b100000)
  object space 175104K, 12% used [0x00000006c1200000,0x00000006c27aab58,0x00000006cbd00000)
 Metaspace       used 13006K, capacity 13224K, committed 13312K, reserved 1060864K
  class space    used 1470K, capacity 1529K, committed 1536K, reserved 1048576K
}
Event: 4.578 GC heap before
{Heap before GC invocations=4 (full 0):
 PSYoungGen      total 141824K, used 141809K [0x000000076b100000, 0x000000077c600000, 0x00000007c0000000)
  eden space 131072K, 100% used [0x000000076b100000,0x0000000773100000,0x0000000773100000)
  from space 10752K, 99% used [0x0000000773100000,0x0000000773b7c4a0,0x0000000773b80000)
  to   space 10752K, 0% used [0x000000077bb80000,0x000000077bb80000,0x000000077c600000)
 ParOldGen       total 175104K, used 22186K [0x00000006c1200000, 0x00000006cbd00000, 0x000000076b100000)
  object space 175104K, 12% used [0x00000006c1200000,0x00000006c27aab58,0x00000006cbd00000)
 Metaspace       used 13037K, capacity 13224K, committed 13312K, reserved 1060864K
  class space    used 1470K, capacity 1529K, committed 1536K, reserved 1048576K
Event: 4.582 GC heap after
Heap after GC invocations=4 (full 0):
 PSYoungGen      total 272896K, used 10210K [0x000000076b100000, 0x000000077c600000, 0x00000007c0000000)
  eden space 262144K, 0% used [0x000000076b100000,0x000000076b100000,0x000000077b100000)
  from space 10752K, 94% used [0x000000077bb80000,0x000000077c5788a0,0x000000077c600000)
  to   space 10752K, 0% used [0x000000077b100000,0x000000077b100000,0x000000077bb80000)
 ParOldGen       total 175104K, used 22833K [0x00000006c1200000, 0x00000006cbd00000, 0x000000076b100000)
  object space 175104K, 13% used [0x00000006c1200000,0x00000006c284c768,0x00000006cbd00000)
 Metaspace       used 13037K, capacity 13224K, committed 13312K, reserved 1060864K
  class space    used 1470K, capacity 1529K, committed 1536K, reserved 1048576K
}

Deoptimization events (10 events):
Event: 4.124 Thread 0x000000001f13e000 Uncommon trap: reason=unstable_if action=reinterpret pc=0x0000000002f342ec method=java.util.HashMap.clear()V @ 23
Event: 4.128 Thread 0x000000001ead0000 Uncommon trap: reason=unstable_if action=reinterpret pc=0x0000000002f50328 method=sun.java2d.opengl.OGLSurfaceData.validatePipe(Lsun/java2d/SunGraphics2D;)V @ 93
Event: 4.135 Thread 0x000000001ead0000 Uncommon trap: reason=unstable_if action=reinterpret pc=0x0000000002f1f0f4 method=sun.java2d.pipe.BufferedContext.validate(Lsun/java2d/pipe/hw/AccelSurface;Lsun/java2d/pipe/hw/AccelSurface;Lsun/java2d/pipe/Region;Ljava/awt/Composite;Ljava/awt/geom/AffineTr`vե@
Event: 4.162 Thread 0x000000001ead0000 Uncommon trap: reason=unstable_if action=reinterpret pc=0x0000000002f04534 method=sun.java2d.SunGraphics2D.validateColor()V @ 48
Event: 4.163 Thread 0x000000001fcad800 Uncommon trap: reason=unstable_if action=reinterpret pc=0x0000000002fb0998 method=objects.gameObjects.Door.update()V @ 130
Event: 4.163 Thread 0x000000001ead0000 Uncommon trap: reason=unstable_if action=reinterpret pc=0x0000000002e31b90 method=sun.font.FileFontStrike.getCachedGlyphPtr(I)J @ 99
Event: 4.172 Thread 0x000000001fcad800 Uncommon trap: reason=unstable_if action=reinterpret pc=0x0000000002fa1058 method=objects.gameObjects.Door.update()V @ 130
Event: 4.176 Thread 0x000000001ead0000 Uncommon trap: reason=unstable_if action=reinterpret pc=0x0000000002f06284 method=sun.java2d.SunGraphics2D.validateColor()V @ 48
Event: 4.178 Thread 0x000000001fce0800 Uncommon trap: reason=unstable_if action=reinterpret pc=0x0000000002c2c60c method=net.beadsproject.beads.ugens.SamplePlayer.calculateBuffer()V @ 635
Event: 4.236 Thread 0x000000001fcad800 Uncommon trap: reason=unstable_if action=reinterpret pc=0x0000000002fecc2c method=objects.gameObjects.Door.update()V @ 110

Internal exceptions (10 events):
Event: 0.148 Thread 0x00000000026c3800 Exception <a 'java/security/PrivilegedActionException'> (0x000000076b446320) thrown at [C:\re\workspace\8-2-build-windows-amd64-cygwin\jdk8u51\3951\hotspot\src\share\vm\prims\jvm.cpp, line 1382]
Event: 0.148 Thread 0x00000000026c3800 Exception <a 'java/security/PrivilegedActionException'> (0x000000076b4464d8) thrown at [C:\re\workspace\8-2-build-windows-amd64-cygwin\jdk8u51\3951\hotspot\src\share\vm\prims\jvm.cpp, line 1382]
Event: 0.154 Thread 0x00000000026c3800 Exception <a 'java/io/FileNotFoundException'> (0x000000076b455f18) thrown at [C:\re\workspace\8-2-build-windows-amd64-cygwin\jdk8u51\3951\hotspot\src\share\vm\prims\jni.cpp, line 709]
Event: 1.642 Thread 0x000000001fce0800 Exception <a 'java/lang/NoSuchFieldError': method resolution failed> (0x000000076c070010) thrown at [C:\re\workspace\8-2-build-windows-amd64-cygwin\jdk8u51\3951\hotspot\src\share\vm\prims\methodHandles.cpp, line 1125]
Event: 1.643 Thread 0x000000001fce0800 Exception <a 'java/lang/NoSuchFieldError': method resolution failed> (0x000000076c07f4c8) thrown at [C:\re\workspace\8-2-build-windows-amd64-cygwin\jdk8u51\3951\hotspot\src\share\vm\prims\methodHandles.cpp, line 1125]
Event: 1.884 Thread 0x00000000026c3800 Exception <a 'java/io/FileNotFoundException'> (0x000000076c369720) thrown at [C:\re\workspace\8-2-build-windows-amd64-cygwin\jdk8u51\3951\hotspot\src\share\vm\prims\jni.cpp, line 709]
Event: 2.408 Thread 0x000000001f13e000 Implicit null exception at 0x0000000002a9e5a2 to 0x0000000002a9e795
Event: 2.446 Thread 0x00000000026c3800 Implicit null exception at 0x0000000002baf999 to 0x0000000002bafcf9
Event: 2.447 Thread 0x00000000026c3800 Implicit null exception at 0x0000000002b94556 to 0x0000000002b94895
Event: 4.163 Thread 0x000000001ead0000 Implicit null exception at 0x0000000002e31a22 to 0x0000000002e31b79

Events (10 events):
Event: 4.517 Thread 0x000000001fcad800 DEOPT PACKING pc=0x0000000002ff61e5 sp=0x000000002b0feea0
Event: 4.517 Thread 0x000000001fcad800 DEOPT UNPACKING pc=0x000000000280787f sp=0x000000002b0fec48 mode 0
Event: 4.518 Thread 0x000000001fcad800 DEOPT PACKING pc=0x0000000002ff61e5 sp=0x000000002b0feea0
Event: 4.518 Thread 0x000000001fcad800 DEOPT UNPACKING pc=0x000000000280787f sp=0x000000002b0fec48 mode 0
Event: 4.519 Thread 0x000000001fcad800 DEOPT PACKING pc=0x0000000002ff61e5 sp=0x000000002b0feea0
Event: 4.519 Thread 0x000000001fcad800 DEOPT UNPACKING pc=0x000000000280787f sp=0x000000002b0fec48 mode 0
Event: 4.536 Thread 0x000000001ead0000 DEOPT PACKING pc=0x000000000303b06f sp=0x000000002877bca0
Event: 4.536 Thread 0x000000001ead0000 DEOPT UNPACKING pc=0x000000000280787f sp=0x000000002877ba68 mode 0
Event: 4.578 Executing VM operation: ParallelGCFailedAllocation
Event: 4.582 Executing VM operation: ParallelGCFailedAllocation done


Dynamic libraries:
0x00007ff688160000 - 0x00007ff688197000 	F:\Program Files\Java\jdk1.8.0_51\bin\java.exe
0x00007fff2a200000 - 0x00007fff2a3e1000 	C:\Windows\SYSTEM32\ntdll.dll
0x00007fff27690000 - 0x00007fff27741000 	C:\Windows\System32\KERNEL32.DLL
0x00007fff26f80000 - 0x00007fff271f3000 	C:\Windows\System32\KERNELBASE.dll
0x00007fff2a120000 - 0x00007fff2a1c1000 	C:\Windows\System32\ADVAPI32.dll
0x00007fff296e0000 - 0x00007fff2977e000 	C:\Windows\System32\msvcrt.dll
0x00007fff28fe0000 - 0x00007fff2903b000 	C:\Windows\System32\sechost.dll
0x00007fff28e90000 - 0x00007fff28fb4000 	C:\Windows\System32\RPCRT4.dll
0x00007fff291c0000 - 0x00007fff29350000 	C:\Windows\System32\USER32.dll
0x00007fff27200000 - 0x00007fff27220000 	C:\Windows\System32\win32u.dll
0x00007fff29d80000 - 0x00007fff29da8000 	C:\Windows\System32\GDI32.dll
0x00007fff274f0000 - 0x00007fff27682000 	C:\Windows\System32\gdi32full.dll
0x00007fff26ee0000 - 0x00007fff26f7f000 	C:\Windows\System32\msvcp_win.dll
0x00007fff265d0000 - 0x00007fff266c8000 	C:\Windows\System32\ucrtbase.dll
0x00007fff1d640000 - 0x00007fff1d8a9000 	C:\Windows\WinSxS\amd64_microsoft.windows.common-controls_6595b64144ccf1df_6.0.17134.766_none_fb43a1f3306471ed\COMCTL32.dll
0x00007fff293b0000 - 0x00007fff296d2000 	C:\Windows\System32\combase.dll
0x00007fff27470000 - 0x00007fff274ea000 	C:\Windows\System32\bcryptPrimitives.dll
0x00007fff29ca0000 - 0x00007fff29ccd000 	C:\Windows\System32\IMM32.DLL
0x0000000054f70000 - 0x0000000055042000 	F:\Program Files\Java\jdk1.8.0_51\jre\bin\msvcr100.dll
0x00000000546e0000 - 0x0000000054f63000 	F:\Program Files\Java\jdk1.8.0_51\jre\bin\server\jvm.dll
0x00007fff27840000 - 0x00007fff27848000 	C:\Windows\System32\PSAPI.DLL
0x00007fff15ca0000 - 0x00007fff15ca9000 	C:\Windows\SYSTEM32\WSOCK32.dll
0x00007fff29dc0000 - 0x00007fff29e2c000 	C:\Windows\System32\WS2_32.dll
0x00007fff23100000 - 0x00007fff23123000 	C:\Windows\SYSTEM32\WINMM.dll
0x00007fff22000000 - 0x00007fff2200a000 	C:\Windows\SYSTEM32\VERSION.dll
0x00007fff230d0000 - 0x00007fff230fa000 	C:\Windows\SYSTEM32\WINMMBASE.dll
0x00007fff26e90000 - 0x00007fff26ed9000 	C:\Windows\System32\cfgmgr32.dll
0x00000000546d0000 - 0x00000000546df000 	F:\Program Files\Java\jdk1.8.0_51\jre\bin\verify.dll
0x00000000546a0000 - 0x00000000546c9000 	F:\Program Files\Java\jdk1.8.0_51\jre\bin\java.dll
0x0000000054670000 - 0x0000000054693000 	F:\Program Files\Java\jdk1.8.0_51\jre\bin\instrument.dll
0x0000000054650000 - 0x0000000054666000 	F:\Program Files\Java\jdk1.8.0_51\jre\bin\zip.dll
0x00007fff278b0000 - 0x00007fff28cf0000 	C:\Windows\System32\SHELL32.dll
0x00007fff29cd0000 - 0x00007fff29d79000 	C:\Windows\System32\shcore.dll
0x00007fff266d0000 - 0x00007fff26ddd000 	C:\Windows\System32\windows.storage.dll
0x00007fff29350000 - 0x00007fff293a1000 	C:\Windows\System32\shlwapi.dll
0x00007fff265b0000 - 0x00007fff265c1000 	C:\Windows\System32\kernel.appcore.dll
0x00007fff26520000 - 0x00007fff2653f000 	C:\Windows\System32\profapi.dll
0x00007fff26540000 - 0x00007fff2658c000 	C:\Windows\System32\powrprof.dll
0x00007fff26510000 - 0x00007fff2651a000 	C:\Windows\System32\FLTLIB.DLL
0x00007fff19550000 - 0x00007fff1956a000 	C:\Program Files\JetBrains\IntelliJ IDEA 2018.3.2\bin\breakgen64.dll
0x0000000054630000 - 0x000000005464a000 	F:\Program Files\Java\jdk1.8.0_51\jre\bin\net.dll
0x00007fff25a30000 - 0x00007fff25a96000 	C:\Windows\system32\mswsock.dll
0x0000000054490000 - 0x0000000054628000 	F:\Program Files\Java\jdk1.8.0_51\jre\bin\awt.dll
0x00007fff29780000 - 0x00007fff29842000 	C:\Windows\System32\OLEAUT32.dll
0x00007fff24610000 - 0x00007fff2469b000 	C:\Windows\SYSTEM32\apphelp.dll
0x0000000054460000 - 0x000000005446c000 	F:\Program Files\Java\jdk1.8.0_51\jre\bin\jsound.dll
0x0000000054450000 - 0x000000005445b000 	F:\Program Files\Java\jdk1.8.0_51\jre\bin\jsoundds.dll
0x00007fff29fc0000 - 0x00007fff2a111000 	C:\Windows\System32\ole32.dll
0x00007ffee4fd0000 - 0x00007ffee505f000 	C:\Windows\SYSTEM32\DSOUND.dll
0x00007fff20d20000 - 0x00007fff20d96000 	C:\Windows\SYSTEM32\MMDevAPI.DLL
0x00007fff26320000 - 0x00007fff26347000 	C:\Windows\SYSTEM32\DEVOBJ.dll
0x00007fff228f0000 - 0x00007fff22aa4000 	C:\Windows\SYSTEM32\PROPSYS.dll
0x00007fff23040000 - 0x00007fff23084000 	C:\Windows\SYSTEM32\wdmaud.drv
0x00007fff234e0000 - 0x00007fff234e9000 	C:\Windows\SYSTEM32\ksuser.dll
0x00007fff21460000 - 0x00007fff2146a000 	C:\Windows\SYSTEM32\AVRT.dll
0x00007fff26230000 - 0x00007fff26247000 	C:\Windows\SYSTEM32\CRYPTSP.dll
0x00007fff255b0000 - 0x00007fff255e3000 	C:\Windows\system32\rsaenh.dll
0x00007fff25fc0000 - 0x00007fff25fe5000 	C:\Windows\SYSTEM32\bcrypt.dll
0x00007fff26440000 - 0x00007fff26468000 	C:\Windows\SYSTEM32\USERENV.dll
0x00007fff10750000 - 0x00007fff1087c000 	C:\Windows\SYSTEM32\AUDIOSES.DLL
0x00007fff221f0000 - 0x00007fff2233d000 	C:\Windows\SYSTEM32\wintypes.dll
0x00007fff25be0000 - 0x00007fff25beb000 	C:\Windows\SYSTEM32\CRYPTBASE.dll
0x00007fff214e0000 - 0x00007fff214ed000 	C:\Windows\SYSTEM32\msacm32.drv
0x00007fff1ff90000 - 0x00007fff1ffac000 	C:\Windows\SYSTEM32\MSACM32.dll
0x00007fff247a0000 - 0x00007fff24838000 	C:\Windows\system32\uxtheme.dll
0x00007fff25750000 - 0x00007fff25788000 	C:\Windows\SYSTEM32\IPHLPAPI.DLL
0x00007fff205b0000 - 0x00007fff205ba000 	C:\Windows\SYSTEM32\midimap.dll
0x00007fff29db0000 - 0x00007fff29db8000 	C:\Windows\System32\NSI.dll
0x00007fff1c930000 - 0x00007fff1c946000 	C:\Windows\SYSTEM32\dhcpcsvc6.DLL
0x00007fff1c910000 - 0x00007fff1c92a000 	C:\Windows\SYSTEM32\dhcpcsvc.DLL
0x00007ffee4df0000 - 0x00007ffee4e4f000 	c:\program files\nvidia corporation\nvstreamsrv\nvinject.dll
0x00007fff29e30000 - 0x00007fff29ed0000 	C:\Windows\System32\clbcatq.dll
0x00007fff19990000 - 0x00007fff19aa4000 	C:\Windows\System32\Windows.UI.dll
0x00007fff1bb80000 - 0x00007fff1bc16000 	C:\Windows\System32\TextInputFramework.dll
0x00007fff1faf0000 - 0x00007fff1fe0e000 	C:\Windows\System32\CoreUIComponents.dll
0x00007fff1de40000 - 0x00007fff1deb9000 	C:\Windows\System32\InputHost.dll
0x00007fff243e0000 - 0x00007fff244ba000 	C:\Windows\System32\CoreMessaging.dll
0x00007fff252a0000 - 0x00007fff252d1000 	C:\Windows\SYSTEM32\ntmarta.dll
0x0000000054470000 - 0x0000000054481000 	F:\Program Files\Java\jdk1.8.0_51\jre\bin\nio.dll
0x00007fff29040000 - 0x00007fff291b3000 	C:\Windows\System32\MSCTF.dll
0x00007fff24920000 - 0x00007fff24949000 	C:\Windows\system32\dwmapi.dll
0x00007ffee5070000 - 0x00007ffee5190000 	C:\Windows\system32\opengl32.dll
0x00007fff19800000 - 0x00007fff1982c000 	C:\Windows\SYSTEM32\GLU32.dll
0x0000000052250000 - 0x000000005444e000 	C:\WINDOWS\System32\DriverStore\FileRepository\nv_dispi.inf_amd64_7a39871618b19f06\nvoglv64.dll
0x00007fff29850000 - 0x00007fff29c9b000 	C:\Windows\System32\SETUPAPI.dll
0x00007fff22cb0000 - 0x00007fff22cc3000 	C:\Windows\SYSTEM32\WTSAPI32.dll
0x00007fff27410000 - 0x00007fff27467000 	C:\Windows\System32\WINTRUST.dll
0x00007fff26590000 - 0x00007fff265a2000 	C:\Windows\System32\MSASN1.dll
0x00007fff27220000 - 0x00007fff27402000 	C:\Windows\System32\CRYPT32.dll
0x00007ffedf190000 - 0x00007ffedf3d4000 	C:\Windows\system32\nvspcap64.dll
0x00007fff25950000 - 0x00007fff259a6000 	C:\Windows\SYSTEM32\WINSTA.dll
0x0000000052200000 - 0x0000000052247000 	F:\Program Files\Java\jdk1.8.0_51\jre\bin\fontmanager.dll
0x00000000521c0000 - 0x00000000521f1000 	F:\Program Files\Java\jdk1.8.0_51\jre\bin\jpeg.dll
0x0000000052170000 - 0x00000000521b2000 	F:\Program Files\Java\jdk1.8.0_51\jre\bin\t2k.dll
0x0000000052140000 - 0x000000005216a000 	F:\Program Files\Java\jdk1.8.0_51\jre\bin\dcpr.dll
0x00007fff26060000 - 0x00007fff26229000 	C:\Windows\SYSTEM32\dbghelp.dll

VM Arguments:
jvm_args: -javaagent:C:\Program Files\JetBrains\IntelliJ IDEA 2018.3.2\lib\idea_rt.jar=57617:C:\Program Files\JetBrains\IntelliJ IDEA 2018.3.2\bin -Dfile.encoding=UTF-8 
java_command: game.Main
java_class_path (initial): F:\Program Files\Java\jdk1.8.0_51\jre\lib\charsets.jar;F:\Program Files\Java\jdk1.8.0_51\jre\lib\deploy.jar;F:\Program Files\Java\jdk1.8.0_51\jre\lib\ext\access-bridge-64.jar;F:\Program Files\Java\jdk1.8.0_51\jre\lib\ext\cldrdata.jar;F:\Program Files\Java\jdk1.8.0_51\jre\lib\ext\dnsns.jar;F:\Program Files\Java\jdk1.8.0_51\jre\lib\ext\jaccess.jar;F:\Program Files\Java\jdk1.8.0_51\jre\lib\ext\jfxrt.jar;F:\Program Files\Java\jdk1.8.0_51\jre\lib\ext\localedata.jar;F:\Program Files\Java\jdk1.8.0_51\jre\lib\ext\nashorn.jar;F:\Program Files\Java\jdk1.8.0_51\jre\lib\ext\sunec.jar;F:\Program Files\Java\jdk1.8.0_51\jre\lib\ext\sunjce_provider.jar;F:\Program Files\Java\jdk1.8.0_51\jre\lib\ext\sunmscapi.jar;F:\Program Files\Java\jdk1.8.0_51\jre\lib\ext\sunpkcs11.jar;F:\Program Files\Java\jdk1.8.0_51\jre\lib\ext\zipfs.jar;F:\Program Files\Java\jdk1.8.0_51\jre\lib\javaws.jar;F:\Program Files\Java\jdk1.8.0_51\jre\lib\jce.jar;F:\Program Files\Java\jdk1.8.0_51\jre\lib\jfr.jar;F:\Program Files\Java\jdk1.8.0_51\jre\lib\jfxswt.jar;F:\Program Files\Java\jdk1.8.0_51\jre\lib\jsse.jar;F:\Program Files\Java\jdk1.8.0_51\jre\lib\management-agent.jar;F:\Program Files\Java\jdk1.8.0_51\jre\lib\plugin.jar;F:\Program Files\Java\jdk1.8.0_51\jre\lib\resources.jar;F:\Program Files\Java\jdk1.8.0_51\jre\lib\rt.jar;C:\Users\White Wolf\Documents\Uni Work Year 2\Java\HomeInvasion\out\production\HomeInvasion;C:\Users\White Wolf\Documents\Uni Work Year 2\Java\HomeInvasion\lib\beads\jl1.0.1.jar;C:\Users\White Wolf\Documents\Uni Work Year 2\Java\HomeInvasion\lib\beads\org-jaudiolibs-audioservers-jack.jar;C:\Users\White Wolf\Documents\Uni Work Year 2\Java\HomeInvasion\lib\beads\org-jaudiolibs-audioservers.jar;C:\Users\White Wolf\Documents\Uni Work Year 2\Java\HomeInvasion\lib\beads\org-jaudiolibs-audioservers-javasound.jar;C:\Users\White Wolf\Documents\Uni Work Year 2\Java\HomeInvasion\lib\beads\tritonus_share.jar;C:\Users\White Wolf\Documents\Uni Work Year 2\Java\HomeInvasion\lib\
Launcher Type: SUN_STANDARD

Environment Variables:
PATH=C:\Program Files (x86)\Common Files\Oracle\Java\javapath;C:\ProgramData\Oracle\Java\javapath;C:\Windows\system32;C:\Windows;C:\Windows\System32\Wbem;C:\Windows\System32\WindowsPowerShell\v1.0\;C:\WINDOWS\system32;C:\WINDOWS;C:\WINDOWS\System32\Wbem;C:\WINDOWS\System32\WindowsPowerShell\v1.0\;C:\Program Files (x86)\Windows Live\Shared;C:\Program Files (x86)\Skype\Phone\;C:\Program Files\Microsoft SQL Server\Client SDK\ODBC\130\Tools\Binn\;C:\Program Files (x86)\Microsoft SQL Server\140\Tools\Binn\;C:\Program Files\Microsoft SQL Server\140\Tools\Binn\;C:\Program Files\Microsoft SQL Server\140\DTS\Binn\;C:\Program Files (x86)\NVIDIA Corporation\PhysX\Common;C:\Program Files\MATLAB\R2017b\bin;C:\Program Files\Java\jdk1.8.0_51\bin;C:\Program Files\dotnet\;C:\Windows\system32;C:\Windows;C:\Windows\System32\Wbem;C:\Windows\System32\WindowsPowerShell\v1.0\;C:\Windows\System32\OpenSSH\;C:\Program Files (x86)\IVI Foundation\VISA\WinNT\Bin;C:\Program Files (x86)\leJOS NXJ\bin;C:\Program Files\Git\cmd;C:\Program Files\Microsoft VS Code\bin;C:\Program Files\Microsoft SQL Server\130\Tools\Binn\;C:\Program Files\PuTTY\;C:\Program Files\MySQL\MySQL Shell 8.0\bin\;C:\Users\White Wolf\AppData\Local\GitHubDesktop\bin
USERNAME=White Wolf
OS=Windows_NT
PROCESSOR_IDENTIFIER=Intel64 Family 6 Model 60 Stepping 3, GenuineIntel



---------------  S Y S T E M  ---------------

OS: Windows 10.0 , 64 bit Build 17134 (10.0.17134.753)

CPU:total 4 (4 cores per cpu, 1 threads per core) family 6 model 60 stepping 3, cmov, cx8, fxsr, mmx, sse, sse2, sse3, ssse3, sse4.1, sse4.2, popcnt, avx, avx2, aes, clmul, erms, lzcnt, tsc, tscinvbit, bmi1, bmi2

Memory: 4k page, physical 16703484k(9265780k free), swap 33480700k(22686192k free)

vm_info: Java HotSpot(TM) 64-Bit Server VM (25.51-b03) for windows-amd64 JRE (1.8.0_51-b16), built on Jun  8 2015 18:03:07 by "java_re" with MS VC++ 10.0 (VS2010)

time: Sun Jun 09 23:21:31 2019
elapsed time: 4 seconds (0d 0h 0m 4s)

